<?xml version="1.0" encoding="UTF-8"?>
<testsuite name="Cucumber" time="61.331" tests="3" skipped="0" failures="0" errors="0">
<testcase classname="AskOmDch Place Order  Feature" name="AskOmDch Place Order As a Guest - Example #1.1" time="18.378">
<system-out><![CDATA[
Given user is on the homepage...............................................passed
Then user should be able to click store link................................passed
And user should be able to enter product name "jeans" in search field and click search button.passed
Then user should be able to verify search result "jeans"....................passed
And user should be able to see "Dark Brown Jeans" product item..............passed
And confirm "Dark Brown Jeans" product item and add to cart.................passed
Then user should be able to see "Dark Brown Jeans” has been added to your cart." verify message.passed
And user should be able to click shopping cart link.........................passed
And user should be able to verify cart page and product added "Dark Brown Jeans".passed
Then user should be able to click proceed to checkout button................passed
And user should be able to see checkout page................................passed
And user enters "Maximilian" for firstname..................................passed
And user enters "Darden" for lastname.......................................passed
And user enters "MaxDardenINC" for company name.............................passed
And user selects "United States (US)" for country...........................passed
And user enters "123 N Palatine rd" for street address first................passed
And user enters "apt#321" for street address second.........................passed
And user enters "Chicago" for city..........................................passed
And user selects "IL" for state.............................................passed
And user enters "60008" for zipcode.........................................passed
And user enters "12345678" for phone........................................passed
And user enters "MaxDar1@gmail.com" for email...............................passed
And user clicks on payment method randomly..................................passed
Then user should be able to click place order button........................passed
And user should be able to see confirmation message for payment method in order confirmation.passed
And user should be able to see "Thank you. Your order has been received." confirmation message.passed
]]></system-out>
</testcase>
<testcase classname="AskOmDch Place Order  Feature" name="AskOmDch Place Order As a Guest - Example #1.2" time="18.065">
<system-out><![CDATA[
Given user is on the homepage...............................................passed
Then user should be able to click store link................................passed
And user should be able to enter product name "Shoes" in search field and click search button.passed
Then user should be able to verify search result "Shoes"....................passed
And user should be able to see "Blue Shoes" product item....................passed
And confirm "Blue Shoes" product item and add to cart.......................passed
Then user should be able to see "Blue Shoes” has been added to your cart." verify message.passed
And user should be able to click shopping cart link.........................passed
And user should be able to verify cart page and product added "Blue Shoes"..passed
Then user should be able to click proceed to checkout button................passed
And user should be able to see checkout page................................passed
And user enters "Lydia" for firstname.......................................passed
And user enters "Merchant" for lastname.....................................passed
And user enters "LydMerchantINC" for company name...........................passed
And user selects "United States (US)" for country...........................passed
And user enters "358 N Palatine rd" for street address first................passed
And user enters "apt#123" for street address second.........................passed
And user enters "Chicago" for city..........................................passed
And user selects "NC" for state.............................................passed
And user enters "50008" for zipcode.........................................passed
And user enters "12345679" for phone........................................passed
And user enters "LydMer1@gmail.com" for email...............................passed
And user clicks on payment method randomly..................................passed
Then user should be able to click place order button........................passed
And user should be able to see confirmation message for payment method in order confirmation.passed
And user should be able to see "Thank you. Your order has been received." confirmation message.passed
]]></system-out>
</testcase>
<testcase classname="AskOmDch Place Order  Feature" name="AskOmDch Place Order As a Guest - Example #1.3" time="24.605">
<system-out><![CDATA[
Given user is on the homepage...............................................passed
Then user should be able to click store link................................passed
And user should be able to enter product name "Tshirt" in search field and click search button.passed
Then user should be able to verify search result "Tshirt"...................passed
And user should be able to see "Blue Tshirt" product item...................passed
And confirm "Blue Tshirt" product item and add to cart......................passed
Then user should be able to see "Blue Tshirt” has been added to your cart." verify message.passed
And user should be able to click shopping cart link.........................passed
And user should be able to verify cart page and product added "Blue Tshirt".passed
Then user should be able to click proceed to checkout button................passed
And user should be able to see checkout page................................passed
And user enters "Drew" for firstname........................................passed
And user enters "McLain" for lastname.......................................passed
And user enters "DreMcLainINC" for company name.............................passed
And user selects "United States (US)" for country...........................passed
And user enters "777 N Palatine rd" for street address first................passed
And user enters "apt#777" for street address second.........................passed
And user enters "Chicago" for city..........................................passed
And user selects "IN" for state.............................................passed
And user enters "55555" for zipcode.........................................passed
And user enters "12345680" for phone........................................passed
And user enters "DreMcL1@gmail.com" for email...............................passed
And user clicks on payment method randomly..................................passed
Then user should be able to click place order button........................passed
And user should be able to see confirmation message for payment method in order confirmation.passed
And user should be able to see "Thank you. Your order has been received." confirmation message.passed
]]></system-out>
</testcase>
</testsuite>
